  lesson 20.cpp
C:\Users\user\source\repos\EngineeringGraphics\LW_3\lesson 20\camera.h(32,35): warning C4244: =: преобразование "double" в "float", возможна потеря данных
C:\Users\user\source\repos\EngineeringGraphics\LW_3\lesson 20\camera.h(34,35): warning C4244: =: преобразование "double" в "float", возможна потеря данных
C:\Users\user\source\repos\EngineeringGraphics\LW_3\lesson 20\camera.h(38,28): warning C4244: =: преобразование "double" в "float", возможна потеря данных
C:\Users\user\source\repos\EngineeringGraphics\LW_3\lesson 20\camera.h(40,34): warning C4244: =: преобразование "double" в "float", возможна потеря данных
C:\Users\user\source\repos\EngineeringGraphics\LW_3\lesson 20\camera.h(43,20): warning C4244: =: преобразование "double" в "float", возможна потеря данных
C:\Users\user\source\repos\EngineeringGraphics\LW_3\lesson 20\camera.h(49,38): warning C4244: =: преобразование "int" в "float", возможна потеря данных
C:\Users\user\source\repos\EngineeringGraphics\LW_3\lesson 20\camera.h(50,39): warning C4244: =: преобразование "int" в "float", возможна потеря данных
C:\Users\user\source\repos\EngineeringGraphics\LW_3\lesson 20\camera.h(52,49): warning C4244: аргумент: преобразование "float" в "int", возможна потеря данных
C:\Users\user\source\repos\EngineeringGraphics\LW_3\lesson 20\camera.h(52,35): warning C4244: аргумент: преобразование "float" в "int", возможна потеря данных
C:\Users\user\source\repos\EngineeringGraphics\LW_3\lesson 20\camera.h(151,30): warning C4244: инициализация: преобразование "float" в "int", возможна потеря данных
C:\Users\user\source\repos\EngineeringGraphics\LW_3\lesson 20\camera.h(151,26): warning C4244: инициализация: преобразование "float" в "const int", возможна потеря данных
C:\Users\user\source\repos\EngineeringGraphics\LW_3\lesson 20\camera.h(152,30): warning C4244: инициализация: преобразование "float" в "int", возможна потеря данных
C:\Users\user\source\repos\EngineeringGraphics\LW_3\lesson 20\camera.h(152,26): warning C4244: инициализация: преобразование "float" в "const int", возможна потеря данных
C:\Users\user\source\repos\EngineeringGraphics\LW_3\lesson 20\camera.h(154,24): warning C4244: =: преобразование "int" в "float", возможна потеря данных
C:\Users\user\source\repos\EngineeringGraphics\LW_3\lesson 20\camera.h(155,24): warning C4244: =: преобразование "int" в "float", возможна потеря данных
C:\Users\user\source\repos\EngineeringGraphics\LW_3\lesson 20\technique.h(51,1): warning C4267: =: преобразование из "size_t" в "GLint"; возможна потеря данных
  Math_3d.cpp
C:\Users\user\source\repos\EngineeringGraphics\LW_3\lesson 20\Math_3d.cpp(22,37): warning C4244: аргумент: преобразование "double" в "float", возможна потеря данных
C:\Users\user\source\repos\EngineeringGraphics\LW_3\lesson 20\Math_3d.cpp(23,37): warning C4244: аргумент: преобразование "double" в "float", возможна потеря данных
C:\Users\user\source\repos\EngineeringGraphics\LW_3\lesson 20\Math_3d.cpp(51,21): warning C4244: инициализация: преобразование "double" в "float", возможна потеря данных
C:\Users\user\source\repos\EngineeringGraphics\LW_3\lesson 20\Math_3d.cpp(51,19): warning C4244: инициализация: преобразование "double" в "const float", возможна потеря данных
C:\Users\user\source\repos\EngineeringGraphics\LW_3\lesson 20\Math_3d.cpp(52,21): warning C4244: инициализация: преобразование "double" в "float", возможна потеря данных
C:\Users\user\source\repos\EngineeringGraphics\LW_3\lesson 20\Math_3d.cpp(52,19): warning C4244: инициализация: преобразование "double" в "const float", возможна потеря данных
C:\Users\user\source\repos\EngineeringGraphics\LW_3\lesson 20\Math_3d.cpp(53,21): warning C4244: инициализация: преобразование "double" в "float", возможна потеря данных
C:\Users\user\source\repos\EngineeringGraphics\LW_3\lesson 20\Math_3d.cpp(53,19): warning C4244: инициализация: преобразование "double" в "const float", возможна потеря данных
C:\Users\user\source\repos\EngineeringGraphics\LW_3\lesson 20\Math_3d.cpp(97,35): warning C4244: аргумент: преобразование "double" в "float", возможна потеря данных
  Создание кода...
  lesson 20.vcxproj -> C:\Users\user\source\repos\EngineeringGraphics\LW_3\x64\Debug\lesson 20.exe
