C:\Program Files\Microsoft Visual Studio\2022\Community\MSBuild\Microsoft\VC\v170\Microsoft.CppBuild.targets(517,5): warning MSB8028: промежуточный каталог (x64\Debug\) содержит файлы, которые используются совместно с другим проектом (LW__3.vcxproj).  Это может привести к ошибкам очистки и перестроения.
  lesson 14-15.cpp
C:\Users\user\source\repos\EngineeringGraphics\LW__3\LW__3\Camera.h(32,35): warning C4244: =: преобразование "double" в "float", возможна потеря данных
C:\Users\user\source\repos\EngineeringGraphics\LW__3\LW__3\Camera.h(34,35): warning C4244: =: преобразование "double" в "float", возможна потеря данных
C:\Users\user\source\repos\EngineeringGraphics\LW__3\LW__3\Camera.h(38,28): warning C4244: =: преобразование "double" в "float", возможна потеря данных
C:\Users\user\source\repos\EngineeringGraphics\LW__3\LW__3\Camera.h(40,34): warning C4244: =: преобразование "double" в "float", возможна потеря данных
C:\Users\user\source\repos\EngineeringGraphics\LW__3\LW__3\Camera.h(43,20): warning C4244: =: преобразование "double" в "float", возможна потеря данных
C:\Users\user\source\repos\EngineeringGraphics\LW__3\LW__3\lesson 14-15.cpp(130,37): warning C4267: =: преобразование из "size_t" в "GLint"; возможна потеря данных
  Math_3d.cpp
C:\Users\user\source\repos\EngineeringGraphics\LW__3\LW__3\Math_3d.cpp(22,37): warning C4244: аргумент: преобразование "double" в "float", возможна потеря данных
C:\Users\user\source\repos\EngineeringGraphics\LW__3\LW__3\Math_3d.cpp(23,37): warning C4244: аргумент: преобразование "double" в "float", возможна потеря данных
C:\Users\user\source\repos\EngineeringGraphics\LW__3\LW__3\Math_3d.cpp(51,21): warning C4244: инициализация: преобразование "double" в "float", возможна потеря данных
C:\Users\user\source\repos\EngineeringGraphics\LW__3\LW__3\Math_3d.cpp(51,19): warning C4244: инициализация: преобразование "double" в "const float", возможна потеря данных
C:\Users\user\source\repos\EngineeringGraphics\LW__3\LW__3\Math_3d.cpp(52,21): warning C4244: инициализация: преобразование "double" в "float", возможна потеря данных
C:\Users\user\source\repos\EngineeringGraphics\LW__3\LW__3\Math_3d.cpp(52,19): warning C4244: инициализация: преобразование "double" в "const float", возможна потеря данных
C:\Users\user\source\repos\EngineeringGraphics\LW__3\LW__3\Math_3d.cpp(53,21): warning C4244: инициализация: преобразование "double" в "float", возможна потеря данных
C:\Users\user\source\repos\EngineeringGraphics\LW__3\LW__3\Math_3d.cpp(53,19): warning C4244: инициализация: преобразование "double" в "const float", возможна потеря данных
C:\Users\user\source\repos\EngineeringGraphics\LW__3\LW__3\Math_3d.cpp(97,35): warning C4244: аргумент: преобразование "double" в "float", возможна потеря данных
  Создание кода...
  LW__3.vcxproj -> C:\Users\user\source\repos\EngineeringGraphics\LW__3\x64\Debug\lesson 14-15.exe
